# Logfile created on 2014-01-31 09:04:08 +0530 by logger.rb/44203
I, [2014-01-31T09:04:08.315705 #82332]  INFO -- : 1:  net-http-digest_auth (1.4) from /Users/alagu/.rvm/gems/ruby-2.1.0/specifications/net-http-digest_auth-1.4.gemspec
I, [2014-01-31T09:04:08.332920 #82333]  INFO -- : 2:  unf_ext (0.0.6) from /Users/alagu/.rvm/gems/ruby-2.1.0/specifications/unf_ext-0.0.6.gemspec
I, [2014-01-31T09:04:08.335242 #82333]  INFO -- : 2:  mini_portile (0.5.2) from /Users/alagu/.rvm/gems/ruby-2.1.0/specifications/mini_portile-0.5.2.gemspec
I, [2014-01-31T09:04:08.336803 #82333]  INFO -- : 2:  ntlm-http (0.1.1) from /Users/alagu/.rvm/gems/ruby-2.1.0/specifications/ntlm-http-0.1.1.gemspec
I, [2014-01-31T09:04:08.339031 #82333]  INFO -- : 2:  webrobots (0.1.1) from /Users/alagu/.rvm/gems/ruby-2.1.0/specifications/webrobots-0.1.1.gemspec
I, [2014-01-31T09:04:08.340637 #82333]  INFO -- : 2:  bundler (1.5.0) from /Users/alagu/.rvm/gems/ruby-2.1.0@global/specifications/bundler-1.5.0.gemspec
I, [2014-01-31T09:04:08.342008 #82333]  INFO -- : 2:  unf (0.1.3) from /Users/alagu/.rvm/gems/ruby-2.1.0/specifications/unf-0.1.3.gemspec
I, [2014-01-31T09:04:08.343443 #82333]  INFO -- : 2:  nokogiri (1.6.1) from /Users/alagu/.rvm/gems/ruby-2.1.0/specifications/nokogiri-1.6.1.gemspec
I, [2014-01-31T09:04:08.344559 #82333]  INFO -- : 2:  domain_name (0.5.15) from /Users/alagu/.rvm/gems/ruby-2.1.0/specifications/domain_name-0.5.15.gemspec
I, [2014-01-31T09:04:08.345673 #82333]  INFO -- : 2:  http-cookie (1.0.2) from /Users/alagu/.rvm/gems/ruby-2.1.0/specifications/http-cookie-1.0.2.gemspec
I, [2014-01-31T09:04:13.523769 #82332]  INFO -- : 1:  net-http-persistent (2.9.1) from /Users/alagu/.rvm/gems/ruby-2.1.0/specifications/net-http-persistent-2.9.1.gemspec
I, [2014-01-31T09:04:14.083055 #82331]  INFO -- : 0:  mime-types (2.1) from /Users/alagu/.rvm/gems/ruby-2.1.0/specifications/mime-types-2.1.gemspec
I, [2014-01-31T09:04:18.577811 #82333]  INFO -- : 2:  mechanize (2.7.3) from /Users/alagu/.rvm/gems/ruby-2.1.0/specifications/mechanize-2.7.3.gemspec
I, [2014-01-31T11:15:36.634077 #84675]  INFO -- : 0:  net-http-digest_auth (1.4) from /Users/alagu/.rvm/gems/ruby-2.1.0/specifications/net-http-digest_auth-1.4.gemspec
I, [2014-01-31T11:15:36.635633 #84676]  INFO -- : 1:  mime-types (2.1) from /Users/alagu/.rvm/gems/ruby-2.1.0/specifications/mime-types-2.1.gemspec
I, [2014-01-31T11:15:36.636130 #84677]  INFO -- : 2:  unf_ext (0.0.6) from /Users/alagu/.rvm/gems/ruby-2.1.0/specifications/unf_ext-0.0.6.gemspec
I, [2014-01-31T11:15:36.638620 #84675]  INFO -- : 0:  net-http-persistent (2.9.1) from /Users/alagu/.rvm/gems/ruby-2.1.0/specifications/net-http-persistent-2.9.1.gemspec
I, [2014-01-31T11:15:36.638935 #84676]  INFO -- : 1:  ntlm-http (0.1.1) from /Users/alagu/.rvm/gems/ruby-2.1.0/specifications/ntlm-http-0.1.1.gemspec
I, [2014-01-31T11:15:36.639072 #84677]  INFO -- : 2:  mini_portile (0.5.2) from /Users/alagu/.rvm/gems/ruby-2.1.0/specifications/mini_portile-0.5.2.gemspec
I, [2014-01-31T11:15:36.639822 #84675]  INFO -- : 0:  webrobots (0.1.1) from /Users/alagu/.rvm/gems/ruby-2.1.0/specifications/webrobots-0.1.1.gemspec
I, [2014-01-31T11:15:36.640229 #84677]  INFO -- : 2:  bundler (1.5.0) from /Users/alagu/.rvm/gems/ruby-2.1.0@global/specifications/bundler-1.5.0.gemspec
I, [2014-01-31T11:15:36.640822 #84675]  INFO -- : 0:  unf (0.1.3) from /Users/alagu/.rvm/gems/ruby-2.1.0/specifications/unf-0.1.3.gemspec
I, [2014-01-31T11:15:36.641471 #84677]  INFO -- : 2:  nokogiri (1.6.1) from /Users/alagu/.rvm/gems/ruby-2.1.0/specifications/nokogiri-1.6.1.gemspec
I, [2014-01-31T11:15:36.641985 #84675]  INFO -- : 0:  domain_name (0.5.15) from /Users/alagu/.rvm/gems/ruby-2.1.0/specifications/domain_name-0.5.15.gemspec
I, [2014-01-31T11:15:36.642886 #84677]  INFO -- : 2:  http-cookie (1.0.2) from /Users/alagu/.rvm/gems/ruby-2.1.0/specifications/http-cookie-1.0.2.gemspec
I, [2014-01-31T11:15:36.644541 #84675]  INFO -- : 0:  mechanize (2.7.3) from /Users/alagu/.rvm/gems/ruby-2.1.0/specifications/mechanize-2.7.3.gemspec
I, [2014-01-31T11:15:42.626776 #84676]  INFO -- : 1:  xml-simple (1.1.3) from /Users/alagu/.rvm/gems/ruby-2.1.0/specifications/xml-simple-1.1.3.gemspec
I, [2014-01-31T15:49:07.223434 #86444]  INFO -- : 0:  bcrypt-ruby (3.1.2) from /Users/alagu/.rvm/gems/ruby-2.1.0/specifications/bcrypt-ruby-3.1.2.gemspec
I, [2014-01-31T15:49:09.454757 #86444]  INFO -- : 0:  json (1.8.1) from /Users/alagu/.rvm/gems/ruby-2.1.0/specifications/json-1.8.1.gemspec
I, [2014-01-31T15:49:26.579288 #86446]  INFO -- : 2:  addressable (2.3.5) from /Users/alagu/.rvm/gems/ruby-2.1.0/specifications/addressable-2.3.5.gemspec
I, [2014-01-31T15:49:26.581145 #86446]  INFO -- : 2:  multi_json (1.8.4) from /Users/alagu/.rvm/gems/ruby-2.1.0/specifications/multi_json-1.8.4.gemspec
I, [2014-01-31T15:49:38.125723 #86444]  INFO -- : 0:  json_pure (1.8.1) from /Users/alagu/.rvm/gems/ruby-2.1.0/specifications/json_pure-1.8.1.gemspec
I, [2014-01-31T15:49:46.221198 #86445]  INFO -- : 1:  fastercsv (1.5.5) from /Users/alagu/.rvm/gems/ruby-2.1.0/specifications/fastercsv-1.5.5.gemspec
I, [2014-01-31T15:49:46.222741 #86445]  INFO -- : 1:  unf_ext (0.0.6) from /Users/alagu/.rvm/gems/ruby-2.1.0/specifications/unf_ext-0.0.6.gemspec
I, [2014-01-31T15:49:46.223702 #86445]  INFO -- : 1:  mime-types (2.1) from /Users/alagu/.rvm/gems/ruby-2.1.0/specifications/mime-types-2.1.gemspec
I, [2014-01-31T15:49:46.224664 #86445]  INFO -- : 1:  net-http-digest_auth (1.4) from /Users/alagu/.rvm/gems/ruby-2.1.0/specifications/net-http-digest_auth-1.4.gemspec
I, [2014-01-31T15:49:46.225451 #86445]  INFO -- : 1:  net-http-persistent (2.9.1) from /Users/alagu/.rvm/gems/ruby-2.1.0/specifications/net-http-persistent-2.9.1.gemspec
I, [2014-01-31T15:49:46.226268 #86445]  INFO -- : 1:  mini_portile (0.5.2) from /Users/alagu/.rvm/gems/ruby-2.1.0/specifications/mini_portile-0.5.2.gemspec
I, [2014-01-31T15:49:46.227021 #86445]  INFO -- : 1:  ntlm-http (0.1.1) from /Users/alagu/.rvm/gems/ruby-2.1.0/specifications/ntlm-http-0.1.1.gemspec
I, [2014-01-31T15:49:46.227711 #86445]  INFO -- : 1:  webrobots (0.1.1) from /Users/alagu/.rvm/gems/ruby-2.1.0/specifications/webrobots-0.1.1.gemspec
I, [2014-01-31T15:49:46.228398 #86445]  INFO -- : 1:  xml-simple (1.1.3) from /Users/alagu/.rvm/gems/ruby-2.1.0/specifications/xml-simple-1.1.3.gemspec
I, [2014-01-31T15:49:46.229222 #86445]  INFO -- : 1:  bundler (1.5.0) from /Users/alagu/.rvm/gems/ruby-2.1.0@global/specifications/bundler-1.5.0.gemspec
I, [2014-01-31T15:49:55.771554 #86444]  INFO -- : 0:  uuidtools (2.1.4) from /Users/alagu/.rvm/gems/ruby-2.1.0/specifications/uuidtools-2.1.4.gemspec
I, [2014-01-31T15:50:00.576218 #86446]  INFO -- : 2:  stringex (1.5.1) from /Users/alagu/.rvm/gems/ruby-2.1.0/specifications/stringex-1.5.1.gemspec
I, [2014-01-31T15:50:00.577249 #86446]  INFO -- : 2:  unf (0.1.3) from /Users/alagu/.rvm/gems/ruby-2.1.0/specifications/unf-0.1.3.gemspec
I, [2014-01-31T15:50:00.577980 #86446]  INFO -- : 2:  nokogiri (1.6.1) from /Users/alagu/.rvm/gems/ruby-2.1.0/specifications/nokogiri-1.6.1.gemspec
I, [2014-01-31T15:50:00.578779 #86446]  INFO -- : 2:  domain_name (0.5.15) from /Users/alagu/.rvm/gems/ruby-2.1.0/specifications/domain_name-0.5.15.gemspec
I, [2014-01-31T15:50:00.581695 #86446]  INFO -- : 2:  http-cookie (1.0.2) from /Users/alagu/.rvm/gems/ruby-2.1.0/specifications/http-cookie-1.0.2.gemspec
I, [2014-01-31T15:50:00.583219 #86446]  INFO -- : 2:  mechanize (2.7.3) from /Users/alagu/.rvm/gems/ruby-2.1.0/specifications/mechanize-2.7.3.gemspec
I, [2014-01-31T15:50:18.641764 #86445]  INFO -- : 1:  dm-core (1.2.1) from /Users/alagu/.rvm/gems/ruby-2.1.0/specifications/dm-core-1.2.1.gemspec
I, [2014-01-31T15:50:19.106233 #86444]  INFO -- : 0:  data_objects (0.10.13) from /Users/alagu/.rvm/gems/ruby-2.1.0/specifications/data_objects-0.10.13.gemspec
I, [2014-01-31T15:50:23.723058 #86446]  INFO -- : 2:  dm-aggregates (1.2.0) from /Users/alagu/.rvm/gems/ruby-2.1.0/specifications/dm-aggregates-1.2.0.gemspec
I, [2014-01-31T15:50:23.989454 #86445]  INFO -- : 1:  dm-constraints (1.2.0) from /Users/alagu/.rvm/gems/ruby-2.1.0/specifications/dm-constraints-1.2.0.gemspec
I, [2014-01-31T15:50:28.015933 #86446]  INFO -- : 2:  dm-serializer (1.2.2) from /Users/alagu/.rvm/gems/ruby-2.1.0/specifications/dm-serializer-1.2.2.gemspec
I, [2014-01-31T15:50:29.281537 #86444]  INFO -- : 0:  dm-migrations (1.2.0) from /Users/alagu/.rvm/gems/ruby-2.1.0/specifications/dm-migrations-1.2.0.gemspec
I, [2014-01-31T15:50:31.439041 #86445]  INFO -- : 1:  dm-timestamps (1.2.0) from /Users/alagu/.rvm/gems/ruby-2.1.0/specifications/dm-timestamps-1.2.0.gemspec
I, [2014-01-31T15:50:36.581710 #86446]  INFO -- : 2:  dm-transactions (1.2.0) from /Users/alagu/.rvm/gems/ruby-2.1.0/specifications/dm-transactions-1.2.0.gemspec
I, [2014-01-31T15:50:39.933582 #86444]  INFO -- : 0:  dm-types (1.2.2) from /Users/alagu/.rvm/gems/ruby-2.1.0/specifications/dm-types-1.2.2.gemspec
I, [2014-01-31T15:50:50.841076 #86444]  INFO -- : 0:  do_sqlite3 (0.10.13) from /Users/alagu/.rvm/gems/ruby-2.1.0/specifications/do_sqlite3-0.10.13.gemspec
I, [2014-01-31T15:50:58.190936 #86445]  INFO -- : 1:  dm-validations (1.2.0) from /Users/alagu/.rvm/gems/ruby-2.1.0/specifications/dm-validations-1.2.0.gemspec
I, [2014-01-31T15:50:59.924698 #86446]  INFO -- : 2:  dm-do-adapter (1.2.0) from /Users/alagu/.rvm/gems/ruby-2.1.0/specifications/dm-do-adapter-1.2.0.gemspec
I, [2014-01-31T15:51:04.950634 #86444]  INFO -- : 0:  data_mapper (1.2.0) from /Users/alagu/.rvm/gems/ruby-2.1.0/specifications/data_mapper-1.2.0.gemspec
I, [2014-01-31T15:51:06.291688 #86445]  INFO -- : 1:  dm-sqlite-adapter (1.2.0) from /Users/alagu/.rvm/gems/ruby-2.1.0/specifications/dm-sqlite-adapter-1.2.0.gemspec
